{"C:\\Users\\Ibbi\\Desktop\\coding\\scd lab\\lab08\\booklendsystem\\file.js": {"path":"C:\\Users\\Ibbi\\Desktop\\coding\\scd lab\\lab08\\booklendsystem\\file.js","statementMap":{"0":{"start":{"line":1,"column":16},"end":{"line":1,"column":34}},"1":{"start":{"line":2,"column":12},"end":{"line":2,"column":35}},"2":{"start":{"line":3,"column":19},"end":{"line":3,"column":41}},"3":{"start":{"line":4,"column":12},"end":{"line":4,"column":21}},"4":{"start":{"line":5,"column":13},"end":{"line":5,"column":17}},"5":{"start":{"line":7,"column":0},"end":{"line":7,"column":27}},"6":{"start":{"line":9,"column":14},"end":{"line":9,"column":16}},"7":{"start":{"line":10,"column":14},"end":{"line":10,"column":16}},"8":{"start":{"line":11,"column":19},"end":{"line":11,"column":30}},"9":{"start":{"line":14,"column":0},"end":{"line":21,"column":3}},"10":{"start":{"line":15,"column":35},"end":{"line":15,"column":43}},"11":{"start":{"line":16,"column":4},"end":{"line":18,"column":5}},"12":{"start":{"line":16,"column":27},"end":{"line":16,"column":53}},"13":{"start":{"line":17,"column":8},"end":{"line":17,"column":72}},"14":{"start":{"line":19,"column":4},"end":{"line":19,"column":39}},"15":{"start":{"line":20,"column":4},"end":{"line":20,"column":47}},"16":{"start":{"line":23,"column":0},"end":{"line":31,"column":3}},"17":{"start":{"line":24,"column":35},"end":{"line":24,"column":43}},"18":{"start":{"line":25,"column":17},"end":{"line":25,"column":93}},"19":{"start":{"line":25,"column":36},"end":{"line":25,"column":92}},"20":{"start":{"line":26,"column":4},"end":{"line":28,"column":5}},"21":{"start":{"line":27,"column":8},"end":{"line":27,"column":72}},"22":{"start":{"line":29,"column":18},"end":{"line":29,"column":73}},"23":{"start":{"line":30,"column":4},"end":{"line":30,"column":24}},"24":{"start":{"line":33,"column":21},"end":{"line":46,"column":1}},"25":{"start":{"line":34,"column":23},"end":{"line":34,"column":50}},"26":{"start":{"line":35,"column":4},"end":{"line":35,"column":79}},"27":{"start":{"line":35,"column":21},"end":{"line":35,"column":79}},"28":{"start":{"line":38,"column":18},"end":{"line":38,"column":85}},"29":{"start":{"line":40,"column":4},"end":{"line":45,"column":5}},"30":{"start":{"line":41,"column":8},"end":{"line":41,"column":49}},"31":{"start":{"line":42,"column":8},"end":{"line":42,"column":15}},"32":{"start":{"line":44,"column":8},"end":{"line":44,"column":59}},"33":{"start":{"line":49,"column":0},"end":{"line":53,"column":3}},"34":{"start":{"line":50,"column":59},"end":{"line":50,"column":67}},"35":{"start":{"line":51,"column":4},"end":{"line":51,"column":63}},"36":{"start":{"line":52,"column":4},"end":{"line":52,"column":52}},"37":{"start":{"line":56,"column":0},"end":{"line":63,"column":3}},"38":{"start":{"line":57,"column":44},"end":{"line":57,"column":53}},"39":{"start":{"line":58,"column":24},"end":{"line":58,"column":29}},"40":{"start":{"line":59,"column":4},"end":{"line":59,"column":91}},"41":{"start":{"line":59,"column":18},"end":{"line":59,"column":91}},"42":{"start":{"line":59,"column":63},"end":{"line":59,"column":89}},"43":{"start":{"line":60,"column":4},"end":{"line":60,"column":91}},"44":{"start":{"line":60,"column":18},"end":{"line":60,"column":91}},"45":{"start":{"line":60,"column":63},"end":{"line":60,"column":89}},"46":{"start":{"line":61,"column":4},"end":{"line":61,"column":88}},"47":{"start":{"line":61,"column":17},"end":{"line":61,"column":88}},"48":{"start":{"line":61,"column":62},"end":{"line":61,"column":86}},"49":{"start":{"line":62,"column":4},"end":{"line":62,"column":28}},"50":{"start":{"line":66,"column":0},"end":{"line":68,"column":1}},"51":{"start":{"line":67,"column":4},"end":{"line":67,"column":74}},"52":{"start":{"line":67,"column":27},"end":{"line":67,"column":72}},"53":{"start":{"line":70,"column":0},"end":{"line":70,"column":21}}},"fnMap":{"0":{"name":"(anonymous_0)","decl":{"start":{"line":14,"column":20},"end":{"line":14,"column":21}},"loc":{"start":{"line":14,"column":34},"end":{"line":21,"column":1}},"line":14},"1":{"name":"(anonymous_1)","decl":{"start":{"line":16,"column":19},"end":{"line":16,"column":20}},"loc":{"start":{"line":16,"column":27},"end":{"line":16,"column":53}},"line":16},"2":{"name":"(anonymous_2)","decl":{"start":{"line":23,"column":19},"end":{"line":23,"column":20}},"loc":{"start":{"line":23,"column":33},"end":{"line":31,"column":1}},"line":23},"3":{"name":"(anonymous_3)","decl":{"start":{"line":25,"column":28},"end":{"line":25,"column":29}},"loc":{"start":{"line":25,"column":36},"end":{"line":25,"column":92}},"line":25},"4":{"name":"(anonymous_4)","decl":{"start":{"line":33,"column":21},"end":{"line":33,"column":22}},"loc":{"start":{"line":33,"column":41},"end":{"line":46,"column":1}},"line":33},"5":{"name":"(anonymous_5)","decl":{"start":{"line":49,"column":32},"end":{"line":49,"column":33}},"loc":{"start":{"line":49,"column":46},"end":{"line":53,"column":1}},"line":49},"6":{"name":"(anonymous_6)","decl":{"start":{"line":56,"column":32},"end":{"line":56,"column":33}},"loc":{"start":{"line":56,"column":46},"end":{"line":63,"column":1}},"line":56},"7":{"name":"(anonymous_7)","decl":{"start":{"line":59,"column":55},"end":{"line":59,"column":56}},"loc":{"start":{"line":59,"column":63},"end":{"line":59,"column":89}},"line":59},"8":{"name":"(anonymous_8)","decl":{"start":{"line":60,"column":55},"end":{"line":60,"column":56}},"loc":{"start":{"line":60,"column":63},"end":{"line":60,"column":89}},"line":60},"9":{"name":"(anonymous_9)","decl":{"start":{"line":61,"column":54},"end":{"line":61,"column":55}},"loc":{"start":{"line":61,"column":62},"end":{"line":61,"column":86}},"line":61},"10":{"name":"(anonymous_10)","decl":{"start":{"line":67,"column":21},"end":{"line":67,"column":22}},"loc":{"start":{"line":67,"column":27},"end":{"line":67,"column":72}},"line":67}},"branchMap":{"0":{"loc":{"start":{"line":16,"column":4},"end":{"line":18,"column":5}},"type":"if","locations":[{"start":{"line":16,"column":4},"end":{"line":18,"column":5}},{"start":{},"end":{}}],"line":16},"1":{"loc":{"start":{"line":25,"column":36},"end":{"line":25,"column":92}},"type":"binary-expr","locations":[{"start":{"line":25,"column":36},"end":{"line":25,"column":62}},{"start":{"line":25,"column":66},"end":{"line":25,"column":92}}],"line":25},"2":{"loc":{"start":{"line":26,"column":4},"end":{"line":28,"column":5}},"type":"if","locations":[{"start":{"line":26,"column":4},"end":{"line":28,"column":5}},{"start":{},"end":{}}],"line":26},"3":{"loc":{"start":{"line":35,"column":4},"end":{"line":35,"column":79}},"type":"if","locations":[{"start":{"line":35,"column":4},"end":{"line":35,"column":79}},{"start":{},"end":{}}],"line":35},"4":{"loc":{"start":{"line":38,"column":18},"end":{"line":38,"column":85}},"type":"cond-expr","locations":[{"start":{"line":38,"column":53},"end":{"line":38,"column":72}},{"start":{"line":38,"column":75},"end":{"line":38,"column":85}}],"line":38},"5":{"loc":{"start":{"line":59,"column":4},"end":{"line":59,"column":91}},"type":"if","locations":[{"start":{"line":59,"column":4},"end":{"line":59,"column":91}},{"start":{},"end":{}}],"line":59},"6":{"loc":{"start":{"line":60,"column":4},"end":{"line":60,"column":91}},"type":"if","locations":[{"start":{"line":60,"column":4},"end":{"line":60,"column":91}},{"start":{},"end":{}}],"line":60},"7":{"loc":{"start":{"line":61,"column":4},"end":{"line":61,"column":88}},"type":"if","locations":[{"start":{"line":61,"column":4},"end":{"line":61,"column":88}},{"start":{},"end":{}}],"line":61},"8":{"loc":{"start":{"line":66,"column":0},"end":{"line":68,"column":1}},"type":"if","locations":[{"start":{"line":66,"column":0},"end":{"line":68,"column":1}},{"start":{},"end":{}}],"line":66}},"s":{"0":1,"1":1,"2":1,"3":1,"4":1,"5":1,"6":1,"7":1,"8":1,"9":1,"10":1,"11":1,"12":0,"13":0,"14":1,"15":1,"16":1,"17":1,"18":1,"19":1,"20":1,"21":0,"22":1,"23":1,"24":1,"25":2,"26":2,"27":0,"28":2,"29":2,"30":2,"31":2,"32":0,"33":1,"34":1,"35":1,"36":1,"37":1,"38":1,"39":1,"40":1,"41":0,"42":0,"43":1,"44":0,"45":0,"46":1,"47":0,"48":0,"49":1,"50":1,"51":0,"52":0,"53":1},"f":{"0":1,"1":0,"2":1,"3":1,"4":2,"5":1,"6":1,"7":0,"8":0,"9":0,"10":0},"b":{"0":[0,1],"1":[1,1],"2":[0,1],"3":[0,2],"4":[2,0],"5":[0,1],"6":[0,1],"7":[0,1],"8":[0,1]},"_coverageSchema":"1a1c01bbd47fc00a2c39e90264f33305004495a9","hash":"5e6d0a875610cab31829d02f1ae138a9403f7522"}
}
