TN:
SF:file.js
FN:14,(anonymous_0)
FN:16,(anonymous_1)
FN:23,(anonymous_2)
FN:25,(anonymous_3)
FN:33,(anonymous_4)
FN:49,(anonymous_5)
FN:56,(anonymous_6)
FN:59,(anonymous_7)
FN:60,(anonymous_8)
FN:61,(anonymous_9)
FN:67,(anonymous_10)
FNF:11
FNH:6
FNDA:1,(anonymous_0)
FNDA:0,(anonymous_1)
FNDA:1,(anonymous_2)
FNDA:1,(anonymous_3)
FNDA:2,(anonymous_4)
FNDA:1,(anonymous_5)
FNDA:1,(anonymous_6)
FNDA:0,(anonymous_7)
FNDA:0,(anonymous_8)
FNDA:0,(anonymous_9)
FNDA:0,(anonymous_10)
DA:1,1
DA:2,1
DA:3,1
DA:4,1
DA:5,1
DA:7,1
DA:9,1
DA:10,1
DA:11,1
DA:14,1
DA:15,1
DA:16,1
DA:17,0
DA:19,1
DA:20,1
DA:23,1
DA:24,1
DA:25,1
DA:26,1
DA:27,0
DA:29,1
DA:30,1
DA:33,1
DA:34,2
DA:35,2
DA:38,2
DA:40,2
DA:41,2
DA:42,2
DA:44,0
DA:49,1
DA:50,1
DA:51,1
DA:52,1
DA:56,1
DA:57,1
DA:58,1
DA:59,1
DA:60,1
DA:61,1
DA:62,1
DA:66,1
DA:67,0
DA:70,1
LF:44
LH:40
BRDA:16,0,0,0
BRDA:16,0,1,1
BRDA:25,1,0,1
BRDA:25,1,1,1
BRDA:26,2,0,0
BRDA:26,2,1,1
BRDA:35,3,0,0
BRDA:35,3,1,2
BRDA:38,4,0,2
BRDA:38,4,1,0
BRDA:59,5,0,0
BRDA:59,5,1,1
BRDA:60,6,0,0
BRDA:60,6,1,1
BRDA:61,7,0,0
BRDA:61,7,1,1
BRDA:66,8,0,0
BRDA:66,8,1,1
BRF:18
BRH:10
end_of_record
